This is pdfTeX, Version 3.1415926-2.4-1.40.13 (TeX Live 2012/Debian) (format=pdflatex 2013.8.1)  19 NOV 2013 18:11
entering extended mode
 restricted \write18 enabled.
 %&-line parsing enabled.
**\def\myvar{/home/leon/Data/Penn/Nov_18/data_Mon_18.11.2013_12:09:35} \def\win
dow{0.900} \input{figures.tex}
(./figures.tex (/usr/share/texlive/texmf-dist/tex/latex/base/article.cls
Document Class: article 2007/10/19 v1.4h Standard LaTeX document class
(/usr/share/texlive/texmf-dist/tex/latex/base/size12.clo
File: size12.clo 2007/10/19 v1.4h Standard LaTeX file (size option)
)
\c@part=\count79
\c@section=\count80
\c@subsection=\count81
\c@subsubsection=\count82
\c@paragraph=\count83
\c@subparagraph=\count84
\c@figure=\count85
\c@table=\count86
\abovecaptionskip=\skip41
\belowcaptionskip=\skip42
\bibindent=\dimen102
)
(/usr/share/texlive/texmf-dist/tex/latex/graphics/graphicx.sty
Package: graphicx 1999/02/16 v1.0f Enhanced LaTeX Graphics (DPC,SPQR)

(/usr/share/texlive/texmf-dist/tex/latex/graphics/keyval.sty
Package: keyval 1999/03/16 v1.13 key=value parser (DPC)
\KV@toks@=\toks14
)
(/usr/share/texlive/texmf-dist/tex/latex/graphics/graphics.sty
Package: graphics 2009/02/05 v1.0o Standard LaTeX Graphics (DPC,SPQR)

(/usr/share/texlive/texmf-dist/tex/latex/graphics/trig.sty
Package: trig 1999/03/16 v1.09 sin cos tan (DPC)
)
(/usr/share/texlive/texmf-dist/tex/latex/latexconfig/graphics.cfg
File: graphics.cfg 2010/04/23 v1.9 graphics configuration of TeX Live
)
Package graphics Info: Driver file: pdftex.def on input line 91.

(/usr/share/texlive/texmf-dist/tex/latex/pdftex-def/pdftex.def
File: pdftex.def 2011/05/27 v0.06d Graphics/color for pdfTeX

(/usr/share/texlive/texmf-dist/tex/generic/oberdiek/infwarerr.sty
Package: infwarerr 2010/04/08 v1.3 Providing info/warning/error messages (HO)
)
(/usr/share/texlive/texmf-dist/tex/generic/oberdiek/ltxcmds.sty
Package: ltxcmds 2011/11/09 v1.22 LaTeX kernel commands for general use (HO)
)
\Gread@gobject=\count87
))
\Gin@req@height=\dimen103
\Gin@req@width=\dimen104
)
(/usr/share/texlive/texmf-dist/tex/latex/preprint/fullpage.sty
Package: fullpage 1999/02/23 1.1 (PWD)
\FP@margin=\skip43
) (./figures.aux)
\openout1 = `figures.aux'.

LaTeX Font Info:    Checking defaults for OML/cmm/m/it on input line 5.
LaTeX Font Info:    ... okay on input line 5.
LaTeX Font Info:    Checking defaults for T1/cmr/m/n on input line 5.
LaTeX Font Info:    ... okay on input line 5.
LaTeX Font Info:    Checking defaults for OT1/cmr/m/n on input line 5.
LaTeX Font Info:    ... okay on input line 5.
LaTeX Font Info:    Checking defaults for OMS/cmsy/m/n on input line 5.
LaTeX Font Info:    ... okay on input line 5.
LaTeX Font Info:    Checking defaults for OMX/cmex/m/n on input line 5.
LaTeX Font Info:    ... okay on input line 5.
LaTeX Font Info:    Checking defaults for U/cmr/m/n on input line 5.
LaTeX Font Info:    ... okay on input line 5.
(/usr/share/texlive/texmf-dist/tex/context/base/supp-pdf.mkii
[Loading MPS to PDF converter (version 2006.09.02).]
\scratchcounter=\count88
\scratchdimen=\dimen105
\scratchbox=\box26
\nofMPsegments=\count89
\nofMParguments=\count90
\everyMPshowfont=\toks15
\MPscratchCnt=\count91
\MPscratchDim=\dimen106
\MPnumerator=\count92
\makeMPintoPDFobject=\count93
\everyMPtoPDFconversion=\toks16
) (/usr/share/texlive/texmf-dist/tex/generic/oberdiek/pdftexcmds.sty
Package: pdftexcmds 2011/11/29 v0.20 Utility functions of pdfTeX for LuaTeX (HO
)

(/usr/share/texlive/texmf-dist/tex/generic/oberdiek/ifluatex.sty
Package: ifluatex 2010/03/01 v1.3 Provides the ifluatex switch (HO)
Package ifluatex Info: LuaTeX not detected.
)
(/usr/share/texlive/texmf-dist/tex/generic/oberdiek/ifpdf.sty
Package: ifpdf 2011/01/30 v2.3 Provides the ifpdf switch (HO)
Package ifpdf Info: pdfTeX in PDF mode is detected.
)
Package pdftexcmds Info: LuaTeX not detected.
Package pdftexcmds Info: \pdf@primitive is available.
Package pdftexcmds Info: \pdf@ifprimitive is available.
Package pdftexcmds Info: \pdfdraftmode found.
)
(/usr/share/texlive/texmf-dist/tex/latex/oberdiek/epstopdf-base.sty
Package: epstopdf-base 2010/02/09 v2.5 Base part for package epstopdf

(/usr/share/texlive/texmf-dist/tex/latex/oberdiek/grfext.sty
Package: grfext 2010/08/19 v1.1 Manage graphics extensions (HO)

(/usr/share/texlive/texmf-dist/tex/generic/oberdiek/kvdefinekeys.sty
Package: kvdefinekeys 2011/04/07 v1.3 Define keys (HO)
))
(/usr/share/texlive/texmf-dist/tex/latex/oberdiek/kvoptions.sty
Package: kvoptions 2011/06/30 v3.11 Key value format for package options (HO)

(/usr/share/texlive/texmf-dist/tex/generic/oberdiek/kvsetkeys.sty
Package: kvsetkeys 2012/04/25 v1.16 Key value parser (HO)

(/usr/share/texlive/texmf-dist/tex/generic/oberdiek/etexcmds.sty
Package: etexcmds 2011/02/16 v1.5 Avoid name clashes with e-TeX commands (HO)
Package etexcmds Info: Could not find \expanded.
(etexcmds)             That can mean that you are not using pdfTeX 1.50 or
(etexcmds)             that some package has redefined \expanded.
(etexcmds)             In the latter case, load this package earlier.
)))
Package grfext Info: Graphics extension search list:
(grfext)             [.png,.pdf,.jpg,.mps,.jpeg,.jbig2,.jb2,.PNG,.PDF,.JPG,.JPE
G,.JBIG2,.JB2,.eps]
(grfext)             \AppendGraphicsExtensions on input line 452.

(/usr/share/texlive/texmf-dist/tex/latex/latexconfig/epstopdf-sys.cfg
File: epstopdf-sys.cfg 2010/07/13 v1.3 Configuration of (r)epstopdf for TeX Liv
e
))
<raw_data_spectrogram.png, id=1, 3043.37pt x 1483.5425pt>
File: raw_data_spectrogram.png Graphic file (type png)

<use raw_data_spectrogram.png>
Package pdftex.def Info: raw_data_spectrogram.png used on input line 13.
(pdftex.def)             Requested size: 426.0689pt x 207.69453pt.
 <beta_falling.png, id=2, 1124.2pt x 843.15pt>
File: beta_falling.png Graphic file (type png)

<use beta_falling.png>
Package pdftex.def Info: beta_falling.png used on input line 15.
(pdftex.def)             Requested size: 224.83601pt x 168.627pt.
 <beta_rising.png, id=3, 1124.2pt x 843.15pt>
File: beta_rising.png Graphic file (type png)

<use beta_rising.png>
Package pdftex.def Info: beta_rising.png used on input line 16.
(pdftex.def)             Requested size: 224.83601pt x 168.627pt.

Overfull \hbox (0.15291pt too wide) in paragraph at lines 15--17
[][] [] 
 []

<gamma_falling.png, id=4, 1124.2pt x 843.15pt>
File: gamma_falling.png Graphic file (type png)
 <use gamma_falling.png>
Package pdftex.def Info: gamma_falling.png used on input line 18.
(pdftex.def)             Requested size: 224.83601pt x 168.627pt.

<gamma_rising.png, id=5, 1124.2pt x 843.15pt>
File: gamma_rising.png Graphic file (type png)
 <use gamma_rising.png>
Package pdftex.def Info: gamma_rising.png used on input line 19.
(pdftex.def)             Requested size: 224.83601pt x 168.627pt.

Overfull \hbox (0.15291pt too wide) in paragraph at lines 18--20
[][] [] 
 []

[1

{/var/lib/texmf/fonts/map/pdftex/updmap/pdftex.map} <./raw_data_spectrogram.png
 (PNG copy)> <./beta_falling.png (PNG copy)> <./beta_rising.png (PNG copy)> <./
gamma_falling.png (PNG copy)> <./gamma_rising.png (PNG copy)>]
<plot_1_aligned_trials.png, id=13, 1124.2pt x 843.15pt>
File: plot_1_aligned_trials.png Graphic file (type png)

<use plot_1_aligned_trials.png>
Package pdftex.def Info: plot_1_aligned_trials.png used on input line 31.
(pdftex.def)             Requested size: 224.83601pt x 168.627pt.

<plot_2_aligned_trials.png, id=14, 1124.2pt x 843.15pt>
File: plot_2_aligned_trials.png Graphic file (type png)

<use plot_2_aligned_trials.png>
Package pdftex.def Info: plot_2_aligned_trials.png used on input line 32.
(pdftex.def)             Requested size: 224.83601pt x 168.627pt.

Overfull \hbox (0.15291pt too wide) in paragraph at lines 31--33
[][] [] 
 []

<plot_3_aligned_trials.png, id=15, 1124.2pt x 843.15pt>
File: plot_3_aligned_trials.png Graphic file (type png)

<use plot_3_aligned_trials.png>
Package pdftex.def Info: plot_3_aligned_trials.png used on input line 34.
(pdftex.def)             Requested size: 224.83601pt x 168.627pt.

<plot_4_aligned_trials.png, id=16, 1124.2pt x 843.15pt>
File: plot_4_aligned_trials.png Graphic file (type png)

<use plot_4_aligned_trials.png>
Package pdftex.def Info: plot_4_aligned_trials.png used on input line 35.
(pdftex.def)             Requested size: 224.83601pt x 168.627pt.

Overfull \hbox (0.15291pt too wide) in paragraph at lines 34--36
[][] [] 
 []

<plot_5_aligned_trials.png, id=17, 1124.2pt x 843.15pt>
File: plot_5_aligned_trials.png Graphic file (type png)

<use plot_5_aligned_trials.png>
Package pdftex.def Info: plot_5_aligned_trials.png used on input line 37.
(pdftex.def)             Requested size: 224.83601pt x 168.627pt.

<plot_6_aligned_trials.png, id=18, 1124.2pt x 843.15pt>
File: plot_6_aligned_trials.png Graphic file (type png)

<use plot_6_aligned_trials.png>
Package pdftex.def Info: plot_6_aligned_trials.png used on input line 38.
(pdftex.def)             Requested size: 224.83601pt x 168.627pt.

Overfull \hbox (0.15291pt too wide) in paragraph at lines 37--39
[][] [] 
 []

[2 <./plot_1_aligned_trials.png (PNG copy)> <./plot_2_aligned_trials.png (PNG c
opy)> <./plot_3_aligned_trials.png (PNG copy)> <./plot_4_aligned_trials.png (PN
G copy)> <./plot_5_aligned_trials.png (PNG copy)> <./plot_6_aligned_trials.png 
(PNG copy)>] (./figures.aux) ) 
Here is how much of TeX's memory you used:
 1538 strings out of 495059
 22640 string characters out of 3182031
 72423 words of memory out of 3000000
 4725 multiletter control sequences out of 15000+200000
 4245 words of font info for 16 fonts, out of 3000000 for 9000
 14 hyphenation exceptions out of 8191
 38i,5n,23p,336b,111s stack positions out of 5000i,500n,10000p,200000b,50000s
</usr/share/texlive/texmf-dist/fonts/type1/public
/amsfonts/cm/cmbx12.pfb></usr/share/texlive/texmf-dist/fonts/type1/public/amsfo
nts/cm/cmr12.pfb>
Output written on figures.pdf (2 pages, 1026831 bytes).
PDF statistics:
 30 PDF objects out of 1000 (max. 8388607)
 12 compressed objects within 1 object stream
 0 named destinations out of 1000 (max. 500000)
 56 words of extra memory for PDF output out of 10000 (max. 10000000)

