This is pdfTeX, Version 3.1415926-2.4-1.40.13 (TeX Live 2012/Debian) (format=pdflatex 2013.8.1)  19 NOV 2013 18:11
entering extended mode
 restricted \write18 enabled.
 %&-line parsing enabled.
**\def\myvar{/home/leon/Data/Penn/Nov_18/data_Mon_18.11.2013_12:09:35} \def\win
dow{0.900} \input{regression_plot.tex}
(./regression_plot.tex
(/usr/share/texlive/texmf-dist/tex/latex/base/article.cls
Document Class: article 2007/10/19 v1.4h Standard LaTeX document class
(/usr/share/texlive/texmf-dist/tex/latex/base/size12.clo
File: size12.clo 2007/10/19 v1.4h Standard LaTeX file (size option)
)
\c@part=\count79
\c@section=\count80
\c@subsection=\count81
\c@subsubsection=\count82
\c@paragraph=\count83
\c@subparagraph=\count84
\c@figure=\count85
\c@table=\count86
\abovecaptionskip=\skip41
\belowcaptionskip=\skip42
\bibindent=\dimen102
)
(/usr/share/texlive/texmf-dist/tex/latex/graphics/graphicx.sty
Package: graphicx 1999/02/16 v1.0f Enhanced LaTeX Graphics (DPC,SPQR)

(/usr/share/texlive/texmf-dist/tex/latex/graphics/keyval.sty
Package: keyval 1999/03/16 v1.13 key=value parser (DPC)
\KV@toks@=\toks14
)
(/usr/share/texlive/texmf-dist/tex/latex/graphics/graphics.sty
Package: graphics 2009/02/05 v1.0o Standard LaTeX Graphics (DPC,SPQR)

(/usr/share/texlive/texmf-dist/tex/latex/graphics/trig.sty
Package: trig 1999/03/16 v1.09 sin cos tan (DPC)
)
(/usr/share/texlive/texmf-dist/tex/latex/latexconfig/graphics.cfg
File: graphics.cfg 2010/04/23 v1.9 graphics configuration of TeX Live
)
Package graphics Info: Driver file: pdftex.def on input line 91.

(/usr/share/texlive/texmf-dist/tex/latex/pdftex-def/pdftex.def
File: pdftex.def 2011/05/27 v0.06d Graphics/color for pdfTeX

(/usr/share/texlive/texmf-dist/tex/generic/oberdiek/infwarerr.sty
Package: infwarerr 2010/04/08 v1.3 Providing info/warning/error messages (HO)
)
(/usr/share/texlive/texmf-dist/tex/generic/oberdiek/ltxcmds.sty
Package: ltxcmds 2011/11/09 v1.22 LaTeX kernel commands for general use (HO)
)
\Gread@gobject=\count87
))
\Gin@req@height=\dimen103
\Gin@req@width=\dimen104
)
(/usr/share/texlive/texmf-dist/tex/latex/preprint/fullpage.sty
Package: fullpage 1999/02/23 1.1 (PWD)
\FP@margin=\skip43
)
(/usr/share/texlive/texmf-dist/tex/latex/base/fontenc.sty
Package: fontenc 2005/09/27 v1.99g Standard LaTeX package

(/usr/share/texlive/texmf-dist/tex/latex/base/t1enc.def
File: t1enc.def 2005/09/27 v1.99g Standard LaTeX file
LaTeX Font Info:    Redeclaring font encoding T1 on input line 43.
))
(./regression_plot.aux)
\openout1 = `regression_plot.aux'.

LaTeX Font Info:    Checking defaults for OML/cmm/m/it on input line 5.
LaTeX Font Info:    ... okay on input line 5.
LaTeX Font Info:    Checking defaults for T1/cmr/m/n on input line 5.
LaTeX Font Info:    ... okay on input line 5.
LaTeX Font Info:    Checking defaults for OT1/cmr/m/n on input line 5.
LaTeX Font Info:    ... okay on input line 5.
LaTeX Font Info:    Checking defaults for OMS/cmsy/m/n on input line 5.
LaTeX Font Info:    ... okay on input line 5.
LaTeX Font Info:    Checking defaults for OMX/cmex/m/n on input line 5.
LaTeX Font Info:    ... okay on input line 5.
LaTeX Font Info:    Checking defaults for U/cmr/m/n on input line 5.
LaTeX Font Info:    ... okay on input line 5.

(/usr/share/texlive/texmf-dist/tex/context/base/supp-pdf.mkii
[Loading MPS to PDF converter (version 2006.09.02).]
\scratchcounter=\count88
\scratchdimen=\dimen105
\scratchbox=\box26
\nofMPsegments=\count89
\nofMParguments=\count90
\everyMPshowfont=\toks15
\MPscratchCnt=\count91
\MPscratchDim=\dimen106
\MPnumerator=\count92
\makeMPintoPDFobject=\count93
\everyMPtoPDFconversion=\toks16
) (/usr/share/texlive/texmf-dist/tex/generic/oberdiek/pdftexcmds.sty
Package: pdftexcmds 2011/11/29 v0.20 Utility functions of pdfTeX for LuaTeX (HO
)

(/usr/share/texlive/texmf-dist/tex/generic/oberdiek/ifluatex.sty
Package: ifluatex 2010/03/01 v1.3 Provides the ifluatex switch (HO)
Package ifluatex Info: LuaTeX not detected.
)
(/usr/share/texlive/texmf-dist/tex/generic/oberdiek/ifpdf.sty
Package: ifpdf 2011/01/30 v2.3 Provides the ifpdf switch (HO)
Package ifpdf Info: pdfTeX in PDF mode is detected.
)
Package pdftexcmds Info: LuaTeX not detected.
Package pdftexcmds Info: \pdf@primitive is available.
Package pdftexcmds Info: \pdf@ifprimitive is available.
Package pdftexcmds Info: \pdfdraftmode found.
)
(/usr/share/texlive/texmf-dist/tex/latex/oberdiek/epstopdf-base.sty
Package: epstopdf-base 2010/02/09 v2.5 Base part for package epstopdf

(/usr/share/texlive/texmf-dist/tex/latex/oberdiek/grfext.sty
Package: grfext 2010/08/19 v1.1 Manage graphics extensions (HO)

(/usr/share/texlive/texmf-dist/tex/generic/oberdiek/kvdefinekeys.sty
Package: kvdefinekeys 2011/04/07 v1.3 Define keys (HO)
))
(/usr/share/texlive/texmf-dist/tex/latex/oberdiek/kvoptions.sty
Package: kvoptions 2011/06/30 v3.11 Key value format for package options (HO)

(/usr/share/texlive/texmf-dist/tex/generic/oberdiek/kvsetkeys.sty
Package: kvsetkeys 2012/04/25 v1.16 Key value parser (HO)

(/usr/share/texlive/texmf-dist/tex/generic/oberdiek/etexcmds.sty
Package: etexcmds 2011/02/16 v1.5 Avoid name clashes with e-TeX commands (HO)
Package etexcmds Info: Could not find \expanded.
(etexcmds)             That can mean that you are not using pdfTeX 1.50 or
(etexcmds)             that some package has redefined \expanded.
(etexcmds)             In the latter case, load this package earlier.
)))
Package grfext Info: Graphics extension search list:
(grfext)             [.png,.pdf,.jpg,.mps,.jpeg,.jbig2,.jb2,.PNG,.PDF,.JPG,.JPE
G,.JBIG2,.JB2,.eps]
(grfext)             \AppendGraphicsExtensions on input line 452.

(/usr/share/texlive/texmf-dist/tex/latex/latexconfig/epstopdf-sys.cfg
File: epstopdf-sys.cfg 2010/07/13 v1.3 Configuration of (r)epstopdf for TeX Liv
e
))
<regression_weights_p_value.png, id=1, 1124.2pt x 843.15pt>
File: regression_weights_p_value.png Graphic file (type png)

<use regression_weights_p_value.png>
Package pdftex.def Info: regression_weights_p_value.png used on input line 14.
(pdftex.def)             Requested size: 224.83601pt x 168.627pt.

<glmfit_regression_pls.png, id=2, 1124.2pt x 843.15pt>
File: glmfit_regression_pls.png Graphic file (type png)

<use glmfit_regression_pls.png>
Package pdftex.def Info: glmfit_regression_pls.png used on input line 15.
(pdftex.def)             Requested size: 224.83601pt x 168.627pt.

Overfull \hbox (0.15231pt too wide) in paragraph at lines 14--16
[][] [] 
 []

<pls_regression_weights_pctvar.png, id=3, 1124.2pt x 843.15pt>
File: pls_regression_weights_pctvar.png Graphic file (type png)

<use pls_regression_weights_pctvar.png>
Package pdftex.def Info: pls_regression_weights_pctvar.png used on input line 1
7.
(pdftex.def)             Requested size: 224.83601pt x 168.627pt.

<PLS_heatmap.png, id=4, 1124.2pt x 843.15pt>
File: PLS_heatmap.png Graphic file (type png)
 <use PLS_heatmap.png>
Package pdftex.def Info: PLS_heatmap.png used on input line 18.
(pdftex.def)             Requested size: 224.83601pt x 168.627pt.

Overfull \hbox (0.15231pt too wide) in paragraph at lines 17--19
[][] [] 
 []

<PCA_regression_weights_p_value.png, id=5, 1124.2pt x 843.15pt>
File: PCA_regression_weights_p_value.png Graphic file (type png)

<use PCA_regression_weights_p_value.png>
Package pdftex.def Info: PCA_regression_weights_p_value.png used on input line 
21.
(pdftex.def)             Requested size: 224.83601pt x 168.627pt.

<PCA_heatmap.png, id=6, 1124.2pt x 843.15pt>
File: PCA_heatmap.png Graphic file (type png)
 <use PCA_heatmap.png>
Package pdftex.def Info: PCA_heatmap.png used on input line 22.
(pdftex.def)             Requested size: 224.83601pt x 168.627pt.

Overfull \hbox (0.15231pt too wide) in paragraph at lines 21--23
[][] [] 
 []

[1

{/var/lib/texmf/fonts/map/pdftex/updmap/pdftex.map} <./regression_weights_p_val
ue.png (PNG copy)> <./glmfit_regression_pls.png (PNG copy)> <./pls_regression_w
eights_pctvar.png (PNG copy)> <./PLS_heatmap.png (PNG copy)> <./PCA_regression_
weights_p_value.png (PNG copy)> <./PCA_heatmap.png (PNG copy)>]
<regression_r_value_forward.png, id=14, 1124.2pt x 843.15pt>
File: regression_r_value_forward.png Graphic file (type png)

<use regression_r_value_forward.png>
Package pdftex.def Info: regression_r_value_forward.png used on input line 25.
(pdftex.def)             Requested size: 224.83601pt x 168.627pt.

<regression_r_value_backward.png, id=15, 1124.2pt x 843.15pt>
File: regression_r_value_backward.png Graphic file (type png)

<use regression_r_value_backward.png>
Package pdftex.def Info: regression_r_value_backward.png used on input line 26.

(pdftex.def)             Requested size: 224.83601pt x 168.627pt.

Overfull \hbox (0.15231pt too wide) in paragraph at lines 25--27
[][] [] 
 []

<pca_regression_r_value_forward.png, id=16, 1124.2pt x 843.15pt>
File: pca_regression_r_value_forward.png Graphic file (type png)

<use pca_regression_r_value_forward.png>
Package pdftex.def Info: pca_regression_r_value_forward.png used on input line 
28.
(pdftex.def)             Requested size: 224.83601pt x 168.627pt.

<pca_regression_r_value_backward.png, id=17, 1124.2pt x 843.15pt>
File: pca_regression_r_value_backward.png Graphic file (type png)

<use pca_regression_r_value_backward.png>
Package pdftex.def Info: pca_regression_r_value_backward.png used on input line
 29.
(pdftex.def)             Requested size: 224.83601pt x 168.627pt.

Overfull \hbox (0.15231pt too wide) in paragraph at lines 28--30
[][] [] 
 []

<pls_regression_r_value_forward.png, id=18, 1124.2pt x 843.15pt>
File: pls_regression_r_value_forward.png Graphic file (type png)

<use pls_regression_r_value_forward.png>
Package pdftex.def Info: pls_regression_r_value_forward.png used on input line 
31.
(pdftex.def)             Requested size: 224.83601pt x 168.627pt.

<pls_regression_r_value_backward.png, id=19, 1124.2pt x 843.15pt>
File: pls_regression_r_value_backward.png Graphic file (type png)

<use pls_regression_r_value_backward.png>
Package pdftex.def Info: pls_regression_r_value_backward.png used on input line
 32.
(pdftex.def)             Requested size: 224.83601pt x 168.627pt.

Overfull \hbox (0.15231pt too wide) in paragraph at lines 31--33
[][] [] 
 []

[2 <./regression_r_value_forward.png (PNG copy)> <./regression_r_value_backward
.png (PNG copy)> <./pca_regression_r_value_forward.png (PNG copy)> <./pca_regre
ssion_r_value_backward.png (PNG copy)> <./pls_regression_r_value_forward.png (P
NG copy)> <./pls_regression_r_value_backward.png (PNG copy)>]
<full_regression_weights_p_value.png, id=23, 1124.2pt x 843.15pt>
File: full_regression_weights_p_value.png Graphic file (type png)

<use full_regression_weights_p_value.png>
Package pdftex.def Info: full_regression_weights_p_value.png used on input line
 42.
(pdftex.def)             Requested size: 224.83601pt x 168.627pt.

<full_glmfit_regression_pls.png, id=24, 1124.2pt x 843.15pt>
File: full_glmfit_regression_pls.png Graphic file (type png)

<use full_glmfit_regression_pls.png>
Package pdftex.def Info: full_glmfit_regression_pls.png used on input line 43.
(pdftex.def)             Requested size: 224.83601pt x 168.627pt.

<full_pls_regression_weights_pctvar.png, id=25, 1124.2pt x 843.15pt>
File: full_pls_regression_weights_pctvar.png Graphic file (type png)

<use full_pls_regression_weights_pctvar.png>
Package pdftex.def Info: full_pls_regression_weights_pctvar.png used on input l
ine 45.
(pdftex.def)             Requested size: 224.83601pt x 168.627pt.

<full_PLS_heatmap.png, id=26, 1124.2pt x 843.15pt>
File: full_PLS_heatmap.png Graphic file (type png)
 <use full_PLS_heatmap.png>
Package pdftex.def Info: full_PLS_heatmap.png used on input line 46.
(pdftex.def)             Requested size: 224.83601pt x 168.627pt.

Overfull \hbox (0.15231pt too wide) in paragraph at lines 45--47
[][] [] 
 []

<full_PCA_regression_weights_p_value.png, id=27, 1124.2pt x 843.15pt>
File: full_PCA_regression_weights_p_value.png Graphic file (type png)

<use full_PCA_regression_weights_p_value.png>
Package pdftex.def Info: full_PCA_regression_weights_p_value.png used on input 
line 49.
(pdftex.def)             Requested size: 224.83601pt x 168.627pt.

<full_PCA_heatmap.png, id=28, 1124.2pt x 843.15pt>
File: full_PCA_heatmap.png Graphic file (type png)
 <use full_PCA_heatmap.png>
Package pdftex.def Info: full_PCA_heatmap.png used on input line 50.
(pdftex.def)             Requested size: 224.83601pt x 168.627pt.

Overfull \hbox (0.15231pt too wide) in paragraph at lines 49--51
[][] [] 
 []

[3 <./full_regression_weights_p_value.png (PNG copy)> <./full_glmfit_regression
_pls.png (PNG copy)> <./full_pls_regression_weights_pctvar.png (PNG copy)> <./f
ull_PLS_heatmap.png (PNG copy)> <./full_PCA_regression_weights_p_value.png (PNG
 copy)> <./full_PCA_heatmap.png (PNG copy)>] (./regression_plot.aux) ) 
Here is how much of TeX's memory you used:
 1783 strings out of 495059
 25900 string characters out of 3182031
 72513 words of memory out of 3000000
 4957 multiletter control sequences out of 15000+200000
 5478 words of font info for 17 fonts, out of 3000000 for 9000
 14 hyphenation exceptions out of 8191
 38i,5n,23p,344b,115s stack positions out of 5000i,500n,10000p,200000b,50000s
 </home/l
eon/.texmf-var/fonts/pk/ljfour/jknappen/ec/ecrm1200.600pk> </home/leon/.texmf-v
ar/fonts/pk/ljfour/jknappen/ec/ecbx1200.600pk>
Output written on regression_plot.pdf (3 pages, 1770328 bytes).
PDF statistics:
 84 PDF objects out of 1000 (max. 8388607)
 16 compressed objects within 1 object stream
 0 named destinations out of 1000 (max. 500000)
 91 words of extra memory for PDF output out of 10000 (max. 10000000)

