This is pdfTeX, Version 3.1415926-2.4-1.40.13 (TeX Live 2012/Debian) (format=pdflatex 2013.8.1)  22 JAN 2014 18:27
entering extended mode
 restricted \write18 enabled.
 %&-line parsing enabled.
**create_latex.tex
(./create_latex.tex
LaTeX2e <2011/06/27>
Babel <v3.8m> and hyphenation patterns for english, dumylang, nohyphenation, lo
aded.
(/usr/share/texlive/texmf-dist/tex/latex/base/article.cls
Document Class: article 2007/10/19 v1.4h Standard LaTeX document class
(/usr/share/texlive/texmf-dist/tex/latex/base/size12.clo
File: size12.clo 2007/10/19 v1.4h Standard LaTeX file (size option)
)
\c@part=\count79
\c@section=\count80
\c@subsection=\count81
\c@subsubsection=\count82
\c@paragraph=\count83
\c@subparagraph=\count84
\c@figure=\count85
\c@table=\count86
\abovecaptionskip=\skip41
\belowcaptionskip=\skip42
\bibindent=\dimen102
)
(/usr/share/texlive/texmf-dist/tex/latex/graphics/graphicx.sty
Package: graphicx 1999/02/16 v1.0f Enhanced LaTeX Graphics (DPC,SPQR)

(/usr/share/texlive/texmf-dist/tex/latex/graphics/keyval.sty
Package: keyval 1999/03/16 v1.13 key=value parser (DPC)
\KV@toks@=\toks14
)
(/usr/share/texlive/texmf-dist/tex/latex/graphics/graphics.sty
Package: graphics 2009/02/05 v1.0o Standard LaTeX Graphics (DPC,SPQR)

(/usr/share/texlive/texmf-dist/tex/latex/graphics/trig.sty
Package: trig 1999/03/16 v1.09 sin cos tan (DPC)
)
(/usr/share/texlive/texmf-dist/tex/latex/latexconfig/graphics.cfg
File: graphics.cfg 2010/04/23 v1.9 graphics configuration of TeX Live
)
Package graphics Info: Driver file: pdftex.def on input line 91.

(/usr/share/texlive/texmf-dist/tex/latex/pdftex-def/pdftex.def
File: pdftex.def 2011/05/27 v0.06d Graphics/color for pdfTeX

(/usr/share/texlive/texmf-dist/tex/generic/oberdiek/infwarerr.sty
Package: infwarerr 2010/04/08 v1.3 Providing info/warning/error messages (HO)
)
(/usr/share/texlive/texmf-dist/tex/generic/oberdiek/ltxcmds.sty
Package: ltxcmds 2011/11/09 v1.22 LaTeX kernel commands for general use (HO)
)
\Gread@gobject=\count87
))
\Gin@req@height=\dimen103
\Gin@req@width=\dimen104
)
(/usr/share/texlive/texmf-dist/tex/latex/oberdiek/grffile.sty
Package: grffile 2012/04/05 v1.16 Extended file name support for graphics (HO)

(/usr/share/texlive/texmf-dist/tex/generic/oberdiek/ifpdf.sty
Package: ifpdf 2011/01/30 v2.3 Provides the ifpdf switch (HO)
Package ifpdf Info: pdfTeX in PDF mode is detected.
)
(/usr/share/texlive/texmf-dist/tex/generic/ifxetex/ifxetex.sty
Package: ifxetex 2010/09/12 v0.6 Provides ifxetex conditional
)
(/usr/share/texlive/texmf-dist/tex/latex/oberdiek/kvoptions.sty
Package: kvoptions 2011/06/30 v3.11 Key value format for package options (HO)

(/usr/share/texlive/texmf-dist/tex/generic/oberdiek/kvsetkeys.sty
Package: kvsetkeys 2012/04/25 v1.16 Key value parser (HO)

(/usr/share/texlive/texmf-dist/tex/generic/oberdiek/etexcmds.sty
Package: etexcmds 2011/02/16 v1.5 Avoid name clashes with e-TeX commands (HO)

(/usr/share/texlive/texmf-dist/tex/generic/oberdiek/ifluatex.sty
Package: ifluatex 2010/03/01 v1.3 Provides the ifluatex switch (HO)
Package ifluatex Info: LuaTeX not detected.
)
Package etexcmds Info: Could not find \expanded.
(etexcmds)             That can mean that you are not using pdfTeX 1.50 or
(etexcmds)             that some package has redefined \expanded.
(etexcmds)             In the latter case, load this package earlier.
)))
(/usr/share/texlive/texmf-dist/tex/generic/oberdiek/pdftexcmds.sty
Package: pdftexcmds 2011/11/29 v0.20 Utility functions of pdfTeX for LuaTeX (HO
)
Package pdftexcmds Info: LuaTeX not detected.
Package pdftexcmds Info: \pdf@primitive is available.
Package pdftexcmds Info: \pdf@ifprimitive is available.
Package pdftexcmds Info: \pdfdraftmode found.
)
Package grffile Info: Option `multidot' is set to `true'.
Package grffile Info: Option `extendedchars' is set to `false'.
Package grffile Info: Option `space' is set to `true'.
Package grffile Info: \Gin@ii of package `graphicx' fixed on input line 486.
)
(/usr/share/texlive/texmf-dist/tex/latex/preprint/fullpage.sty
Package: fullpage 1999/02/23 1.1 (PWD)
\FP@margin=\skip43
)
(/usr/share/texlive/texmf-dist/tex/latex/forloop/forloop.sty
Package: forloop 2006/09/18 v3.0 For Loops for LaTeX

(/usr/share/texlive/texmf-dist/tex/latex/base/ifthen.sty
Package: ifthen 2001/05/26 v1.1c Standard LaTeX ifthen package (DPC)
)) (./create_latex.aux)
\openout1 = `create_latex.aux'.

LaTeX Font Info:    Checking defaults for OML/cmm/m/it on input line 8.
LaTeX Font Info:    ... okay on input line 8.
LaTeX Font Info:    Checking defaults for T1/cmr/m/n on input line 8.
LaTeX Font Info:    ... okay on input line 8.
LaTeX Font Info:    Checking defaults for OT1/cmr/m/n on input line 8.
LaTeX Font Info:    ... okay on input line 8.
LaTeX Font Info:    Checking defaults for OMS/cmsy/m/n on input line 8.
LaTeX Font Info:    ... okay on input line 8.
LaTeX Font Info:    Checking defaults for OMX/cmex/m/n on input line 8.
LaTeX Font Info:    ... okay on input line 8.
LaTeX Font Info:    Checking defaults for U/cmr/m/n on input line 8.
LaTeX Font Info:    ... okay on input line 8.
(/usr/share/texlive/texmf-dist/tex/context/base/supp-pdf.mkii
[Loading MPS to PDF converter (version 2006.09.02).]
\scratchcounter=\count88
\scratchdimen=\dimen105
\scratchbox=\box26
\nofMPsegments=\count89
\nofMParguments=\count90
\everyMPshowfont=\toks15
\MPscratchCnt=\count91
\MPscratchDim=\dimen106
\MPnumerator=\count92
\makeMPintoPDFobject=\count93
\everyMPtoPDFconversion=\toks16
) (/usr/share/texlive/texmf-dist/tex/latex/oberdiek/epstopdf-base.sty
Package: epstopdf-base 2010/02/09 v2.5 Base part for package epstopdf

(/usr/share/texlive/texmf-dist/tex/latex/oberdiek/grfext.sty
Package: grfext 2010/08/19 v1.1 Manage graphics extensions (HO)

(/usr/share/texlive/texmf-dist/tex/generic/oberdiek/kvdefinekeys.sty
Package: kvdefinekeys 2011/04/07 v1.3 Define keys (HO)
))
Package grfext Info: Graphics extension search list:
(grfext)             [.png,.pdf,.jpg,.mps,.jpeg,.jbig2,.jb2,.PNG,.PDF,.JPG,.JPE
G,.JBIG2,.JB2,.eps]
(grfext)             \AppendGraphicsExtensions on input line 452.

(/usr/share/texlive/texmf-dist/tex/latex/latexconfig/epstopdf-sys.cfg
File: epstopdf-sys.cfg 2010/07/13 v1.3 Configuration of (r)epstopdf for TeX Liv
e
))
\c@bandnumber=\count94
\c@channelnumber=\count95

[1

{/var/lib/texmf/fonts/map/pdftex/updmap/pdftex.map}]

LaTeX Warning: File `figures/band1channel65.png' not found on input line 32.


! Package pdftex.def Error: File `figures/band1channel65.png' not found.

See the pdftex.def package documentation for explanation.
Type  H <return>  for immediate help.
 ...                                              
                                                  
l.32 }
      
Using draft setting for this image.
Try typing  <return>  to proceed.
If that doesn't work, type  X <return>  to quit.


LaTeX Warning: File `figures/band2channel65.png' not found on input line 32.


! Package pdftex.def Error: File `figures/band2channel65.png' not found.

See the pdftex.def package documentation for explanation.
Type  H <return>  for immediate help.
 ...                                              
                                                  
l.32 }
      
Using draft setting for this image.
Try typing  <return>  to proceed.
If that doesn't work, type  X <return>  to quit.


LaTeX Warning: File `figures/band1channel66.png' not found on input line 32.


! Package pdftex.def Error: File `figures/band1channel66.png' not found.

See the pdftex.def package documentation for explanation.
Type  H <return>  for immediate help.
 ...                                              
                                                  
l.32 }
      
Using draft setting for this image.
Try typing  <return>  to proceed.
If that doesn't work, type  X <return>  to quit.


LaTeX Warning: File `figures/band2channel66.png' not found on input line 32.


! Package pdftex.def Error: File `figures/band2channel66.png' not found.

See the pdftex.def package documentation for explanation.
Type  H <return>  for immediate help.
 ...                                              
                                                  
l.32 }
      
Using draft setting for this image.
Try typing  <return>  to proceed.
If that doesn't work, type  X <return>  to quit.


LaTeX Warning: File `figures/band1channel67.png' not found on input line 32.


! Package pdftex.def Error: File `figures/band1channel67.png' not found.

See the pdftex.def package documentation for explanation.
Type  H <return>  for immediate help.
 ...                                              
                                                  
l.32 }
      
Using draft setting for this image.
Try typing  <return>  to proceed.
If that doesn't work, type  X <return>  to quit.


LaTeX Warning: File `figures/band2channel67.png' not found on input line 32.


! Package pdftex.def Error: File `figures/band2channel67.png' not found.

See the pdftex.def package documentation for explanation.
Type  H <return>  for immediate help.
 ...                                              
                                                  
l.32 }
      
Using draft setting for this image.
Try typing  <return>  to proceed.
If that doesn't work, type  X <return>  to quit.


LaTeX Warning: File `figures/band1channel68.png' not found on input line 32.


! Package pdftex.def Error: File `figures/band1channel68.png' not found.

See the pdftex.def package documentation for explanation.
Type  H <return>  for immediate help.
 ...                                              
                                                  
l.32 }
      
Using draft setting for this image.
Try typing  <return>  to proceed.
If that doesn't work, type  X <return>  to quit.


LaTeX Warning: File `figures/band2channel68.png' not found on input line 32.


! Package pdftex.def Error: File `figures/band2channel68.png' not found.

See the pdftex.def package documentation for explanation.
Type  H <return>  for immediate help.
 ...                                              
                                                  
l.32 }
      
Using draft setting for this image.
Try typing  <return>  to proceed.
If that doesn't work, type  X <return>  to quit.


LaTeX Warning: File `figures/band1channel69.png' not found on input line 32.


! Package pdftex.def Error: File `figures/band1channel69.png' not found.

See the pdftex.def package documentation for explanation.
Type  H <return>  for immediate help.
 ...                                              
                                                  
l.32 }
      
Using draft setting for this image.
Try typing  <return>  to proceed.
If that doesn't work, type  X <return>  to quit.


LaTeX Warning: File `figures/band2channel69.png' not found on input line 32.


! Package pdftex.def Error: File `figures/band2channel69.png' not found.

See the pdftex.def package documentation for explanation.
Type  H <return>  for immediate help.
 ...                                              
                                                  
l.32 }
      
Using draft setting for this image.
Try typing  <return>  to proceed.
If that doesn't work, type  X <return>  to quit.


LaTeX Warning: File `figures/band1channel70.png' not found on input line 32.


! Package pdftex.def Error: File `figures/band1channel70.png' not found.

See the pdftex.def package documentation for explanation.
Type  H <return>  for immediate help.
 ...                                              
                                                  
l.32 }
      
Using draft setting for this image.
Try typing  <return>  to proceed.
If that doesn't work, type  X <return>  to quit.


LaTeX Warning: File `figures/band2channel70.png' not found on input line 32.


! Package pdftex.def Error: File `figures/band2channel70.png' not found.

See the pdftex.def package documentation for explanation.
Type  H <return>  for immediate help.
 ...                                              
                                                  
l.32 }
      
Using draft setting for this image.
Try typing  <return>  to proceed.
If that doesn't work, type  X <return>  to quit.


LaTeX Warning: File `figures/band1channel71.png' not found on input line 32.


! Package pdftex.def Error: File `figures/band1channel71.png' not found.

See the pdftex.def package documentation for explanation.
Type  H <return>  for immediate help.
 ...                                              
                                                  
l.32 }
      
Using draft setting for this image.
Try typing  <return>  to proceed.
If that doesn't work, type  X <return>  to quit.


LaTeX Warning: File `figures/band2channel71.png' not found on input line 32.


! Package pdftex.def Error: File `figures/band2channel71.png' not found.

See the pdftex.def package documentation for explanation.
Type  H <return>  for immediate help.
 ...                                              
                                                  
l.32 }
      
Using draft setting for this image.
Try typing  <return>  to proceed.
If that doesn't work, type  X <return>  to quit.


LaTeX Warning: File `figures/band1channel72.png' not found on input line 32.


! Package pdftex.def Error: File `figures/band1channel72.png' not found.

See the pdftex.def package documentation for explanation.
Type  H <return>  for immediate help.
 ...                                              
                                                  
l.32 }
      
Using draft setting for this image.
Try typing  <return>  to proceed.
If that doesn't work, type  X <return>  to quit.


LaTeX Warning: File `figures/band2channel72.png' not found on input line 32.


! Package pdftex.def Error: File `figures/band2channel72.png' not found.

See the pdftex.def package documentation for explanation.
Type  H <return>  for immediate help.
 ...                                              
                                                  
l.32 }
      
Using draft setting for this image.
Try typing  <return>  to proceed.
If that doesn't work, type  X <return>  to quit.


LaTeX Warning: File `figures/band1channel73.png' not found on input line 32.


! Package pdftex.def Error: File `figures/band1channel73.png' not found.

See the pdftex.def package documentation for explanation.
Type  H <return>  for immediate help.
 ...                                              
                                                  
l.32 }
      
Using draft setting for this image.
Try typing  <return>  to proceed.
If that doesn't work, type  X <return>  to quit.


LaTeX Warning: File `figures/band2channel73.png' not found on input line 32.


! Package pdftex.def Error: File `figures/band2channel73.png' not found.

See the pdftex.def package documentation for explanation.
Type  H <return>  for immediate help.
 ...                                              
                                                  
l.32 }
      
Using draft setting for this image.
Try typing  <return>  to proceed.
If that doesn't work, type  X <return>  to quit.


LaTeX Warning: File `figures/band1channel74.png' not found on input line 32.


! Package pdftex.def Error: File `figures/band1channel74.png' not found.

See the pdftex.def package documentation for explanation.
Type  H <return>  for immediate help.
 ...                                              
                                                  
l.32 }
      
Using draft setting for this image.
Try typing  <return>  to proceed.
If that doesn't work, type  X <return>  to quit.


LaTeX Warning: File `figures/band2channel74.png' not found on input line 32.


! Package pdftex.def Error: File `figures/band2channel74.png' not found.

See the pdftex.def package documentation for explanation.
Type  H <return>  for immediate help.
 ...                                              
                                                  
l.32 }
      
Using draft setting for this image.
Try typing  <return>  to proceed.
If that doesn't work, type  X <return>  to quit.


LaTeX Warning: File `figures/band1channel75.png' not found on input line 32.


! Package pdftex.def Error: File `figures/band1channel75.png' not found.

See the pdftex.def package documentation for explanation.
Type  H <return>  for immediate help.
 ...                                              
                                                  
l.32 }
      
Using draft setting for this image.
Try typing  <return>  to proceed.
If that doesn't work, type  X <return>  to quit.


LaTeX Warning: File `figures/band2channel75.png' not found on input line 32.


! Package pdftex.def Error: File `figures/band2channel75.png' not found.

See the pdftex.def package documentation for explanation.
Type  H <return>  for immediate help.
 ...                                              
                                                  
l.32 }
      
Using draft setting for this image.
Try typing  <return>  to proceed.
If that doesn't work, type  X <return>  to quit.


LaTeX Warning: File `figures/band1channel76.png' not found on input line 32.


! Package pdftex.def Error: File `figures/band1channel76.png' not found.

See the pdftex.def package documentation for explanation.
Type  H <return>  for immediate help.
 ...                                              
                                                  
l.32 }
      
Using draft setting for this image.
Try typing  <return>  to proceed.
If that doesn't work, type  X <return>  to quit.


LaTeX Warning: File `figures/band2channel76.png' not found on input line 32.


! Package pdftex.def Error: File `figures/band2channel76.png' not found.

See the pdftex.def package documentation for explanation.
Type  H <return>  for immediate help.
 ...                                              
                                                  
l.32 }
      
Using draft setting for this image.
Try typing  <return>  to proceed.
If that doesn't work, type  X <return>  to quit.

[2]

LaTeX Warning: File `figures/band1channel77.png' not found on input line 32.


! Package pdftex.def Error: File `figures/band1channel77.png' not found.

See the pdftex.def package documentation for explanation.
Type  H <return>  for immediate help.
 ...                                              
                                                  
l.32 }
      
Using draft setting for this image.
Try typing  <return>  to proceed.
If that doesn't work, type  X <return>  to quit.


LaTeX Warning: File `figures/band2channel77.png' not found on input line 32.


! Package pdftex.def Error: File `figures/band2channel77.png' not found.

See the pdftex.def package documentation for explanation.
Type  H <return>  for immediate help.
 ...                                              
                                                  
l.32 }
      
Using draft setting for this image.
Try typing  <return>  to proceed.
If that doesn't work, type  X <return>  to quit.


LaTeX Warning: File `figures/band1channel78.png' not found on input line 32.


! Package pdftex.def Error: File `figures/band1channel78.png' not found.

See the pdftex.def package documentation for explanation.
Type  H <return>  for immediate help.
 ...                                              
                                                  
l.32 }
      
Using draft setting for this image.
Try typing  <return>  to proceed.
If that doesn't work, type  X <return>  to quit.


LaTeX Warning: File `figures/band2channel78.png' not found on input line 32.


! Package pdftex.def Error: File `figures/band2channel78.png' not found.

See the pdftex.def package documentation for explanation.
Type  H <return>  for immediate help.
 ...                                              
                                                  
l.32 }
      
Using draft setting for this image.
Try typing  <return>  to proceed.
If that doesn't work, type  X <return>  to quit.


LaTeX Warning: File `figures/band1channel79.png' not found on input line 32.


! Package pdftex.def Error: File `figures/band1channel79.png' not found.

See the pdftex.def package documentation for explanation.
Type  H <return>  for immediate help.
 ...                                              
                                                  
l.32 }
      
Using draft setting for this image.
Try typing  <return>  to proceed.
If that doesn't work, type  X <return>  to quit.


LaTeX Warning: File `figures/band2channel79.png' not found on input line 32.


! Package pdftex.def Error: File `figures/band2channel79.png' not found.

See the pdftex.def package documentation for explanation.
Type  H <return>  for immediate help.
 ...                                              
                                                  
l.32 }
      
Using draft setting for this image.
Try typing  <return>  to proceed.
If that doesn't work, type  X <return>  to quit.

[3] (./create_latex.aux) ) 
Here is how much of TeX's memory you used:
 1620 strings out of 495059
 23752 string characters out of 3182031
 78965 words of memory out of 3000000
 4806 multiletter control sequences out of 15000+200000
 4107 words of font info for 16 fonts, out of 3000000 for 9000
 14 hyphenation exceptions out of 8191
 36i,4n,25p,284b,162s stack positions out of 5000i,500n,10000p,200000b,50000s
</usr/share/texlive/texmf-dist/fonts/type1/public/ams
fonts/cm/cmr12.pfb></usr/share/texlive/texmf-dist/fonts/type1/public/amsfonts/c
m/cmtt12.pfb>
Output written on create_latex.pdf (3 pages, 23666 bytes).
PDF statistics:
 22 PDF objects out of 1000 (max. 8388607)
 14 compressed objects within 1 object stream
 0 named destinations out of 1000 (max. 500000)
 1 words of extra memory for PDF output out of 10000 (max. 10000000)

