This is pdfTeX, Version 3.1415926-2.4-1.40.13 (TeX Live 2012/Debian) (format=pdflatex 2013.8.1)  20 NOV 2013 19:33
entering extended mode
 restricted \write18 enabled.
 %&-line parsing enabled.
**figures.tex
(./figures.tex
LaTeX2e <2011/06/27>
Babel <v3.8m> and hyphenation patterns for english, dumylang, nohyphenation, lo
aded.
(/usr/share/texlive/texmf-dist/tex/latex/base/article.cls
Document Class: article 2007/10/19 v1.4h Standard LaTeX document class
(/usr/share/texlive/texmf-dist/tex/latex/base/size12.clo
File: size12.clo 2007/10/19 v1.4h Standard LaTeX file (size option)
)
\c@part=\count79
\c@section=\count80
\c@subsection=\count81
\c@subsubsection=\count82
\c@paragraph=\count83
\c@subparagraph=\count84
\c@figure=\count85
\c@table=\count86
\abovecaptionskip=\skip41
\belowcaptionskip=\skip42
\bibindent=\dimen102
)
(/usr/share/texlive/texmf-dist/tex/latex/graphics/graphicx.sty
Package: graphicx 1999/02/16 v1.0f Enhanced LaTeX Graphics (DPC,SPQR)

(/usr/share/texlive/texmf-dist/tex/latex/graphics/keyval.sty
Package: keyval 1999/03/16 v1.13 key=value parser (DPC)
\KV@toks@=\toks14
)
(/usr/share/texlive/texmf-dist/tex/latex/graphics/graphics.sty
Package: graphics 2009/02/05 v1.0o Standard LaTeX Graphics (DPC,SPQR)

(/usr/share/texlive/texmf-dist/tex/latex/graphics/trig.sty
Package: trig 1999/03/16 v1.09 sin cos tan (DPC)
)
(/usr/share/texlive/texmf-dist/tex/latex/latexconfig/graphics.cfg
File: graphics.cfg 2010/04/23 v1.9 graphics configuration of TeX Live
)
Package graphics Info: Driver file: pdftex.def on input line 91.

(/usr/share/texlive/texmf-dist/tex/latex/pdftex-def/pdftex.def
File: pdftex.def 2011/05/27 v0.06d Graphics/color for pdfTeX

(/usr/share/texlive/texmf-dist/tex/generic/oberdiek/infwarerr.sty
Package: infwarerr 2010/04/08 v1.3 Providing info/warning/error messages (HO)
)
(/usr/share/texlive/texmf-dist/tex/generic/oberdiek/ltxcmds.sty
Package: ltxcmds 2011/11/09 v1.22 LaTeX kernel commands for general use (HO)
)
\Gread@gobject=\count87
))
\Gin@req@height=\dimen103
\Gin@req@width=\dimen104
)
(/usr/share/texlive/texmf-dist/tex/latex/preprint/fullpage.sty
Package: fullpage 1999/02/23 1.1 (PWD)
\FP@margin=\skip43
) (./figures.aux)
\openout1 = `figures.aux'.

LaTeX Font Info:    Checking defaults for OML/cmm/m/it on input line 5.
LaTeX Font Info:    ... okay on input line 5.
LaTeX Font Info:    Checking defaults for T1/cmr/m/n on input line 5.
LaTeX Font Info:    ... okay on input line 5.
LaTeX Font Info:    Checking defaults for OT1/cmr/m/n on input line 5.
LaTeX Font Info:    ... okay on input line 5.
LaTeX Font Info:    Checking defaults for OMS/cmsy/m/n on input line 5.
LaTeX Font Info:    ... okay on input line 5.
LaTeX Font Info:    Checking defaults for OMX/cmex/m/n on input line 5.
LaTeX Font Info:    ... okay on input line 5.
LaTeX Font Info:    Checking defaults for U/cmr/m/n on input line 5.
LaTeX Font Info:    ... okay on input line 5.
(/usr/share/texlive/texmf-dist/tex/context/base/supp-pdf.mkii
[Loading MPS to PDF converter (version 2006.09.02).]
\scratchcounter=\count88
\scratchdimen=\dimen105
\scratchbox=\box26
\nofMPsegments=\count89
\nofMParguments=\count90
\everyMPshowfont=\toks15
\MPscratchCnt=\count91
\MPscratchDim=\dimen106
\MPnumerator=\count92
\makeMPintoPDFobject=\count93
\everyMPtoPDFconversion=\toks16
) (/usr/share/texlive/texmf-dist/tex/generic/oberdiek/pdftexcmds.sty
Package: pdftexcmds 2011/11/29 v0.20 Utility functions of pdfTeX for LuaTeX (HO
)

(/usr/share/texlive/texmf-dist/tex/generic/oberdiek/ifluatex.sty
Package: ifluatex 2010/03/01 v1.3 Provides the ifluatex switch (HO)
Package ifluatex Info: LuaTeX not detected.
)
(/usr/share/texlive/texmf-dist/tex/generic/oberdiek/ifpdf.sty
Package: ifpdf 2011/01/30 v2.3 Provides the ifpdf switch (HO)
Package ifpdf Info: pdfTeX in PDF mode is detected.
)
Package pdftexcmds Info: LuaTeX not detected.
Package pdftexcmds Info: \pdf@primitive is available.
Package pdftexcmds Info: \pdf@ifprimitive is available.
Package pdftexcmds Info: \pdfdraftmode found.
)
(/usr/share/texlive/texmf-dist/tex/latex/oberdiek/epstopdf-base.sty
Package: epstopdf-base 2010/02/09 v2.5 Base part for package epstopdf

(/usr/share/texlive/texmf-dist/tex/latex/oberdiek/grfext.sty
Package: grfext 2010/08/19 v1.1 Manage graphics extensions (HO)

(/usr/share/texlive/texmf-dist/tex/generic/oberdiek/kvdefinekeys.sty
Package: kvdefinekeys 2011/04/07 v1.3 Define keys (HO)
))
(/usr/share/texlive/texmf-dist/tex/latex/oberdiek/kvoptions.sty
Package: kvoptions 2011/06/30 v3.11 Key value format for package options (HO)

(/usr/share/texlive/texmf-dist/tex/generic/oberdiek/kvsetkeys.sty
Package: kvsetkeys 2012/04/25 v1.16 Key value parser (HO)

(/usr/share/texlive/texmf-dist/tex/generic/oberdiek/etexcmds.sty
Package: etexcmds 2011/02/16 v1.5 Avoid name clashes with e-TeX commands (HO)
Package etexcmds Info: Could not find \expanded.
(etexcmds)             That can mean that you are not using pdfTeX 1.50 or
(etexcmds)             that some package has redefined \expanded.
(etexcmds)             In the latter case, load this package earlier.
)))
Package grfext Info: Graphics extension search list:
(grfext)             [.png,.pdf,.jpg,.mps,.jpeg,.jbig2,.jb2,.PNG,.PDF,.JPG,.JPE
G,.JBIG2,.JB2,.eps]
(grfext)             \AppendGraphicsExtensions on input line 452.

(/usr/share/texlive/texmf-dist/tex/latex/latexconfig/epstopdf-sys.cfg
File: epstopdf-sys.cfg 2010/07/13 v1.3 Configuration of (r)epstopdf for TeX Liv
e
))
<noCAR/log_plot_1_aligned_trials.png, id=1, 1124.2pt x 843.15pt>
File: noCAR/log_plot_1_aligned_trials.png Graphic file (type png)

<use noCAR/log_plot_1_aligned_trials.png>
Package pdftex.def Info: noCAR/log_plot_1_aligned_trials.png used on input line
 13.
(pdftex.def)             Requested size: 224.83601pt x 168.627pt.

<WithCAR/log_plot_1_aligned_trials.png, id=2, 1124.2pt x 843.15pt>
File: WithCAR/log_plot_1_aligned_trials.png Graphic file (type png)

<use WithCAR/log_plot_1_aligned_trials.png>
Package pdftex.def Info: WithCAR/log_plot_1_aligned_trials.png used on input li
ne 14.
(pdftex.def)             Requested size: 224.83601pt x 168.627pt.

<noCAR/log_plot_2_aligned_trials.png, id=3, 1124.2pt x 843.15pt>
File: noCAR/log_plot_2_aligned_trials.png Graphic file (type png)

<use noCAR/log_plot_2_aligned_trials.png>
Package pdftex.def Info: noCAR/log_plot_2_aligned_trials.png used on input line
 16.
(pdftex.def)             Requested size: 224.83601pt x 168.627pt.

<WithCAR/log_plot_2_aligned_trials.png, id=4, 1124.2pt x 843.15pt>
File: WithCAR/log_plot_2_aligned_trials.png Graphic file (type png)

<use WithCAR/log_plot_2_aligned_trials.png>
Package pdftex.def Info: WithCAR/log_plot_2_aligned_trials.png used on input li
ne 17.
(pdftex.def)             Requested size: 224.83601pt x 168.627pt.

Overfull \hbox (0.15291pt too wide) in paragraph at lines 16--18
[][] [] 
 []

<noCAR/log_plot_3_aligned_trials.png, id=5, 1124.2pt x 843.15pt>
File: noCAR/log_plot_3_aligned_trials.png Graphic file (type png)

<use noCAR/log_plot_3_aligned_trials.png>
Package pdftex.def Info: noCAR/log_plot_3_aligned_trials.png used on input line
 19.
(pdftex.def)             Requested size: 224.83601pt x 168.627pt.

<WithCAR/log_plot_3_aligned_trials.png, id=6, 1124.2pt x 843.15pt>
File: WithCAR/log_plot_3_aligned_trials.png Graphic file (type png)

<use WithCAR/log_plot_3_aligned_trials.png>
Package pdftex.def Info: WithCAR/log_plot_3_aligned_trials.png used on input li
ne 20.
(pdftex.def)             Requested size: 224.83601pt x 168.627pt.

Overfull \hbox (0.15291pt too wide) in paragraph at lines 19--21
[][] [] 
 []

<noCAR/log_plot_4_aligned_trials.png, id=7, 1124.2pt x 843.15pt>
File: noCAR/log_plot_4_aligned_trials.png Graphic file (type png)

<use noCAR/log_plot_4_aligned_trials.png>
Package pdftex.def Info: noCAR/log_plot_4_aligned_trials.png used on input line
 22.
(pdftex.def)             Requested size: 224.83601pt x 168.627pt.

<WithCAR/log_plot_4_aligned_trials.png, id=8, 1124.2pt x 843.15pt>
File: WithCAR/log_plot_4_aligned_trials.png Graphic file (type png)

<use WithCAR/log_plot_4_aligned_trials.png>
Package pdftex.def Info: WithCAR/log_plot_4_aligned_trials.png used on input li
ne 23.
(pdftex.def)             Requested size: 224.83601pt x 168.627pt.

Overfull \hbox (0.15291pt too wide) in paragraph at lines 22--24
[][] [] 
 []

[1

{/var/lib/texmf/fonts/map/pdftex/updmap/pdftex.map} <./noCAR/log_plot_1_aligned
_trials.png (PNG copy)> <./WithCAR/log_plot_1_aligned_trials.png (PNG copy)> <.
/noCAR/log_plot_2_aligned_trials.png (PNG copy)> <./WithCAR/log_plot_2_aligned_
trials.png (PNG copy)> <./noCAR/log_plot_3_aligned_trials.png (PNG copy)> <./Wi
thCAR/log_plot_3_aligned_trials.png (PNG copy)>]
<noCAR/log_plot_5_aligned_trials.png, id=16, 1124.2pt x 843.15pt>
File: noCAR/log_plot_5_aligned_trials.png Graphic file (type png)

<use noCAR/log_plot_5_aligned_trials.png>
Package pdftex.def Info: noCAR/log_plot_5_aligned_trials.png used on input line
 25.
(pdftex.def)             Requested size: 224.83601pt x 168.627pt.

<WithCAR/log_plot_5_aligned_trials.png, id=17, 1124.2pt x 843.15pt>
File: WithCAR/log_plot_5_aligned_trials.png Graphic file (type png)

<use WithCAR/log_plot_5_aligned_trials.png>
Package pdftex.def Info: WithCAR/log_plot_5_aligned_trials.png used on input li
ne 26.
(pdftex.def)             Requested size: 224.83601pt x 168.627pt.

Overfull \hbox (0.15291pt too wide) in paragraph at lines 25--27
[][] [] 
 []

<noCAR/log_plot_6_aligned_trials.png, id=18, 1124.2pt x 843.15pt>
File: noCAR/log_plot_6_aligned_trials.png Graphic file (type png)

<use noCAR/log_plot_6_aligned_trials.png>
Package pdftex.def Info: noCAR/log_plot_6_aligned_trials.png used on input line
 28.
(pdftex.def)             Requested size: 224.83601pt x 168.627pt.

<WithCAR/log_plot_6_aligned_trials.png, id=19, 1124.2pt x 843.15pt>
File: WithCAR/log_plot_6_aligned_trials.png Graphic file (type png)

<use WithCAR/log_plot_6_aligned_trials.png>
Package pdftex.def Info: WithCAR/log_plot_6_aligned_trials.png used on input li
ne 29.
(pdftex.def)             Requested size: 224.83601pt x 168.627pt.

Overfull \hbox (0.15291pt too wide) in paragraph at lines 28--30
[][] [] 
 []

[2 <./noCAR/log_plot_4_aligned_trials.png (PNG copy)> <./WithCAR/log_plot_4_ali
gned_trials.png (PNG copy)> <./noCAR/log_plot_5_aligned_trials.png (PNG copy)> 
<./WithCAR/log_plot_5_aligned_trials.png (PNG copy)> <./noCAR/log_plot_6_aligne
d_trials.png (PNG copy)> <./WithCAR/log_plot_6_aligned_trials.png (PNG copy)>]
<noCAR/plot_1_aligned_trials.png, id=23, 1124.2pt x 843.15pt>
File: noCAR/plot_1_aligned_trials.png Graphic file (type png)

<use noCAR/plot_1_aligned_trials.png>
Package pdftex.def Info: noCAR/plot_1_aligned_trials.png used on input line 42.

(pdftex.def)             Requested size: 224.83601pt x 168.627pt.

<WithCAR/plot_1_aligned_trials.png, id=24, 1124.2pt x 843.15pt>
File: WithCAR/plot_1_aligned_trials.png Graphic file (type png)

<use WithCAR/plot_1_aligned_trials.png>
Package pdftex.def Info: WithCAR/plot_1_aligned_trials.png used on input line 4
3.
(pdftex.def)             Requested size: 224.83601pt x 168.627pt.

Overfull \hbox (0.15291pt too wide) in paragraph at lines 42--44
[][] [] 
 []

<noCAR/plot_2_aligned_trials.png, id=25, 1124.2pt x 843.15pt>
File: noCAR/plot_2_aligned_trials.png Graphic file (type png)

<use noCAR/plot_2_aligned_trials.png>
Package pdftex.def Info: noCAR/plot_2_aligned_trials.png used on input line 45.

(pdftex.def)             Requested size: 224.83601pt x 168.627pt.

<WithCAR/plot_2_aligned_trials.png, id=26, 1124.2pt x 843.15pt>
File: WithCAR/plot_2_aligned_trials.png Graphic file (type png)

<use WithCAR/plot_2_aligned_trials.png>
Package pdftex.def Info: WithCAR/plot_2_aligned_trials.png used on input line 4
6.
(pdftex.def)             Requested size: 224.83601pt x 168.627pt.

Overfull \hbox (0.15291pt too wide) in paragraph at lines 45--47
[][] [] 
 []

<noCAR/plot_3_aligned_trials.png, id=27, 1124.2pt x 843.15pt>
File: noCAR/plot_3_aligned_trials.png Graphic file (type png)

<use noCAR/plot_3_aligned_trials.png>
Package pdftex.def Info: noCAR/plot_3_aligned_trials.png used on input line 48.

(pdftex.def)             Requested size: 224.83601pt x 168.627pt.

<WithCAR/plot_3_aligned_trials.png, id=28, 1124.2pt x 843.15pt>
File: WithCAR/plot_3_aligned_trials.png Graphic file (type png)

<use WithCAR/plot_3_aligned_trials.png>
Package pdftex.def Info: WithCAR/plot_3_aligned_trials.png used on input line 4
9.
(pdftex.def)             Requested size: 224.83601pt x 168.627pt.

Overfull \hbox (0.15291pt too wide) in paragraph at lines 48--50
[][] [] 
 []

<noCAR/plot_4_aligned_trials.png, id=29, 1124.2pt x 843.15pt>
File: noCAR/plot_4_aligned_trials.png Graphic file (type png)

<use noCAR/plot_4_aligned_trials.png>
Package pdftex.def Info: noCAR/plot_4_aligned_trials.png used on input line 51.

(pdftex.def)             Requested size: 224.83601pt x 168.627pt.

<WithCAR/plot_4_aligned_trials.png, id=30, 1124.2pt x 843.15pt>
File: WithCAR/plot_4_aligned_trials.png Graphic file (type png)

<use WithCAR/plot_4_aligned_trials.png>
Package pdftex.def Info: WithCAR/plot_4_aligned_trials.png used on input line 5
2.
(pdftex.def)             Requested size: 224.83601pt x 168.627pt.

Overfull \hbox (0.15291pt too wide) in paragraph at lines 51--53
[][] [] 
 []

[3 <./noCAR/plot_1_aligned_trials.png (PNG copy)> <./WithCAR/plot_1_aligned_tri
als.png (PNG copy)> <./noCAR/plot_2_aligned_trials.png (PNG copy)> <./WithCAR/p
lot_2_aligned_trials.png (PNG copy)> <./noCAR/plot_3_aligned_trials.png (PNG co
py)> <./WithCAR/plot_3_aligned_trials.png (PNG copy)>]
<noCAR/plot_5_aligned_trials.png, id=34, 1124.2pt x 843.15pt>
File: noCAR/plot_5_aligned_trials.png Graphic file (type png)

<use noCAR/plot_5_aligned_trials.png>
Package pdftex.def Info: noCAR/plot_5_aligned_trials.png used on input line 54.

(pdftex.def)             Requested size: 224.83601pt x 168.627pt.

<WithCAR/plot_5_aligned_trials.png, id=35, 1124.2pt x 843.15pt>
File: WithCAR/plot_5_aligned_trials.png Graphic file (type png)

<use WithCAR/plot_5_aligned_trials.png>
Package pdftex.def Info: WithCAR/plot_5_aligned_trials.png used on input line 5
5.
(pdftex.def)             Requested size: 224.83601pt x 168.627pt.

Overfull \hbox (0.15291pt too wide) in paragraph at lines 54--56
[][] [] 
 []

<noCAR/plot_6_aligned_trials.png, id=36, 1124.2pt x 843.15pt>
File: noCAR/plot_6_aligned_trials.png Graphic file (type png)

<use noCAR/plot_6_aligned_trials.png>
Package pdftex.def Info: noCAR/plot_6_aligned_trials.png used on input line 57.

(pdftex.def)             Requested size: 224.83601pt x 168.627pt.

<WithCAR/plot_6_aligned_trials.png, id=37, 1124.2pt x 843.15pt>
File: WithCAR/plot_6_aligned_trials.png Graphic file (type png)

<use WithCAR/plot_6_aligned_trials.png>
Package pdftex.def Info: WithCAR/plot_6_aligned_trials.png used on input line 5
8.
(pdftex.def)             Requested size: 224.83601pt x 168.627pt.

Overfull \hbox (0.15291pt too wide) in paragraph at lines 57--59
[][] [] 
 []

[4 <./noCAR/plot_4_aligned_trials.png (PNG copy)> <./WithCAR/plot_4_aligned_tri
als.png (PNG copy)> <./noCAR/plot_5_aligned_trials.png (PNG copy)> <./WithCAR/p
lot_5_aligned_trials.png (PNG copy)> <./noCAR/plot_6_aligned_trials.png (PNG co
py)> <./WithCAR/plot_6_aligned_trials.png (PNG copy)>] (./figures.aux) ) 
Here is how much of TeX's memory you used:
 1592 strings out of 495059
 25342 string characters out of 3182031
 72339 words of memory out of 3000000
 4776 multiletter control sequences out of 15000+200000
 4245 words of font info for 16 fonts, out of 3000000 for 9000
 14 hyphenation exceptions out of 8191
 37i,5n,23p,240b,127s stack positions out of 5000i,500n,10000p,200000b,50000s
</usr/s
hare/texlive/texmf-dist/fonts/type1/public/amsfonts/cm/cmbx12.pfb></usr/share/t
exlive/texmf-dist/fonts/type1/public/amsfonts/cm/cmr12.pfb>
Output written on figures.pdf (4 pages, 868008 bytes).
PDF statistics:
 49 PDF objects out of 1000 (max. 8388607)
 16 compressed objects within 1 object stream
 0 named destinations out of 1000 (max. 500000)
 121 words of extra memory for PDF output out of 10000 (max. 10000000)

